<?xml version="1.0" encoding="UTF-8"?>
<!-- Generated by org.testng.reporters.JUnitXMLReporter -->
<testsuite hostname="ICPL12425" ignored="1" name="BDD Test" tests="1" failures="0" timestamp="18 Jan 2018 11:49:41 GMT" time="40.081" errors="0">
  <testcase name="LimeRoadOrderVerificationDD" time="37.905" classname="com.qmetry.qaf.automation.step.client.DataDrivenScenario"/>
  <testcase name="LimeRoadOrderVerificationDD" time="0.0" classname="com.qmetry.qaf.automation.step.client.DataDrivenScenario">
    <ignored/>
  </testcase> <!-- LimeRoadOrderVerificationDD -->
</testsuite> <!-- BDD Test -->
